[ 2016-08-01T00:29:44+08:00 ] ::1 /byblog/
INFO: [ app_init ] --START--
INFO: Run Behavior\BuildLiteBehavior [ RunTime:0.000012s ]
INFO: [ app_init ] --END-- [ RunTime:0.000330s ]
INFO: [ app_begin ] --START--
INFO: Run Behavior\ReadHtmlCacheBehavior [ RunTime:0.000393s ]
INFO: [ app_begin ] --END-- [ RunTime:0.000437s ]
SQL: SHOW COLUMNS FROM `by_article` [ RunTime:0.0036s ]
SQL: SELECT COUNT(*) AS tp_count FROM `by_article` LIMIT 1   [ RunTime:0.0002s ]
SQL: SELECT `a_id`,`a_title`,`a_remark`,`a_time`,`a_keyword`,`a_hit` FROM `by_article` ORDER BY a_time desc LIMIT 0,15   [ RunTime:0.0005s ]
INFO: [ view_parse ] --START--
INFO: [ template_filter ] --START--
INFO: Run Behavior\ContentReplaceBehavior [ RunTime:0.000050s ]
INFO: [ template_filter ] --END-- [ RunTime:0.000098s ]
INFO: Run Behavior\ParseTemplateBehavior [ RunTime:0.007146s ]
INFO: [ view_parse ] --END-- [ RunTime:0.007196s ]
INFO: [ view_filter ] --START--
INFO: Run Behavior\WriteHtmlCacheBehavior [ RunTime:0.000325s ]
INFO: [ view_filter ] --END-- [ RunTime:0.000367s ]
INFO: [ app_end ] --START--
INFO: Run Behavior\ShowPageTraceBehavior [ RunTime:0.000442s ]
INFO: [ app_end ] --END-- [ RunTime:0.000481s ]

[ 2016-08-01T00:43:00+08:00 ] ::1 /byblog/index.php/Home/Index/index/p/1.html
INFO: [ app_init ] --START--
INFO: Run Behavior\BuildLiteBehavior [ RunTime:0.000016s ]
INFO: [ app_init ] --END-- [ RunTime:0.000352s ]
INFO: [ app_begin ] --START--
INFO: Run Behavior\ReadHtmlCacheBehavior [ RunTime:0.000424s ]
INFO: [ app_begin ] --END-- [ RunTime:0.000481s ]
SQL: SHOW COLUMNS FROM `by_article` [ RunTime:0.0099s ]
SQL: SELECT COUNT(*) AS tp_count FROM `by_article` LIMIT 1   [ RunTime:0.0002s ]
SQL: SELECT `a_id`,`a_title`,`a_remark`,`a_time`,`a_keyword`,`a_hit` FROM `by_article` ORDER BY a_time desc LIMIT 0,15   [ RunTime:0.0003s ]
INFO: [ view_parse ] --START--
INFO: [ template_filter ] --START--
INFO: Run Behavior\ContentReplaceBehavior [ RunTime:0.000048s ]
INFO: [ template_filter ] --END-- [ RunTime:0.000095s ]
INFO: Run Behavior\ParseTemplateBehavior [ RunTime:0.006466s ]
INFO: [ view_parse ] --END-- [ RunTime:0.006507s ]
INFO: [ view_filter ] --START--
INFO: Run Behavior\WriteHtmlCacheBehavior [ RunTime:0.000203s ]
INFO: [ view_filter ] --END-- [ RunTime:0.000245s ]
INFO: [ app_end ] --START--
INFO: Run Behavior\ShowPageTraceBehavior [ RunTime:0.000446s ]
INFO: [ app_end ] --END-- [ RunTime:0.000493s ]

[ 2016-08-01T01:09:04+08:00 ] ::1 /byblog/index.php/Home/Index/index/p/1.html
INFO: [ app_init ] --START--
INFO: Run Behavior\BuildLiteBehavior [ RunTime:0.000015s ]
INFO: [ app_init ] --END-- [ RunTime:0.000383s ]
INFO: [ app_begin ] --START--
INFO: Run Behavior\ReadHtmlCacheBehavior [ RunTime:0.000435s ]
INFO: [ app_begin ] --END-- [ RunTime:0.000481s ]
SQL: SHOW COLUMNS FROM `by_article` [ RunTime:0.0096s ]
SQL: SELECT COUNT(*) AS tp_count FROM `by_article` LIMIT 1   [ RunTime:0.0002s ]
SQL: SELECT `a_id`,`a_title`,`a_remark`,`a_time`,`a_keyword`,`a_hit` FROM `by_article` ORDER BY a_time desc LIMIT 0,15   [ RunTime:0.0003s ]
INFO: [ view_parse ] --START--
INFO: [ template_filter ] --START--
INFO: Run Behavior\ContentReplaceBehavior [ RunTime:0.000055s ]
INFO: [ template_filter ] --END-- [ RunTime:0.000100s ]
INFO: Run Behavior\ParseTemplateBehavior [ RunTime:0.013316s ]
INFO: [ view_parse ] --END-- [ RunTime:0.013366s ]
INFO: [ view_filter ] --START--
INFO: Run Behavior\WriteHtmlCacheBehavior [ RunTime:0.000328s ]
INFO: [ view_filter ] --END-- [ RunTime:0.000367s ]
INFO: [ app_end ] --START--
INFO: Run Behavior\ShowPageTraceBehavior [ RunTime:0.000522s ]
INFO: [ app_end ] --END-- [ RunTime:0.000564s ]

[ 2016-08-01T10:06:28+08:00 ] ::1 /byblog/
INFO: [ app_init ] --START--
INFO: Run Behavior\BuildLiteBehavior [ RunTime:0.000019s ]
INFO: [ app_init ] --END-- [ RunTime:0.000526s ]
INFO: [ app_begin ] --START--
INFO: Run Behavior\ReadHtmlCacheBehavior [ RunTime:0.000603s ]
INFO: [ app_begin ] --END-- [ RunTime:0.000670s ]
SQL: SHOW COLUMNS FROM `by_article` [ RunTime:0.0298s ]
SQL: SELECT COUNT(*) AS tp_count FROM `by_article` LIMIT 1   [ RunTime:0.0169s ]
SQL: SELECT `a_id`,`a_title`,`a_remark`,`a_time`,`a_keyword`,`a_hit` FROM `by_article` ORDER BY a_time desc LIMIT 0,15   [ RunTime:0.0129s ]
INFO: [ view_parse ] --START--
INFO: [ template_filter ] --START--
INFO: Run Behavior\ContentReplaceBehavior [ RunTime:0.000059s ]
INFO: [ template_filter ] --END-- [ RunTime:0.000117s ]
INFO: Run Behavior\ParseTemplateBehavior [ RunTime:0.016009s ]
INFO: [ view_parse ] --END-- [ RunTime:0.016063s ]
INFO: [ view_filter ] --START--
INFO: Run Behavior\WriteHtmlCacheBehavior [ RunTime:0.000349s ]
INFO: [ view_filter ] --END-- [ RunTime:0.000386s ]
INFO: [ app_end ] --START--
INFO: Run Behavior\ShowPageTraceBehavior [ RunTime:0.000478s ]
INFO: [ app_end ] --END-- [ RunTime:0.000524s ]

[ 2016-08-01T10:21:06+08:00 ] ::1 /byblog/
INFO: [ app_init ] --START--
INFO: Run Behavior\BuildLiteBehavior [ RunTime:0.000013s ]
INFO: [ app_init ] --END-- [ RunTime:0.000378s ]
INFO: [ app_begin ] --START--
INFO: Run Behavior\ReadHtmlCacheBehavior [ RunTime:0.000463s ]
INFO: [ app_begin ] --END-- [ RunTime:0.000521s ]
SQL: SHOW COLUMNS FROM `by_article` [ RunTime:0.0091s ]
SQL: SELECT COUNT(*) AS tp_count FROM `by_article` LIMIT 1   [ RunTime:0.0002s ]
SQL: SELECT `a_id`,`a_title`,`a_remark`,`a_time`,`a_keyword`,`a_hit` FROM `by_article` ORDER BY a_time desc LIMIT 0,15   [ RunTime:0.0004s ]

[ 2016-08-01T10:41:59+08:00 ] ::1 /byblog/
INFO: [ app_init ] --START--
INFO: Run Behavior\BuildLiteBehavior [ RunTime:0.000014s ]
INFO: [ app_init ] --END-- [ RunTime:0.000368s ]
INFO: [ app_begin ] --START--
INFO: Run Behavior\ReadHtmlCacheBehavior [ RunTime:0.000411s ]
INFO: [ app_begin ] --END-- [ RunTime:0.000459s ]
SQL: SHOW COLUMNS FROM `by_article` [ RunTime:0.0095s ]
SQL: SELECT COUNT(*) AS tp_count FROM `by_article` LIMIT 1   [ RunTime:0.0002s ]
SQL: SELECT `a_id`,`a_title`,`a_remark`,`a_time`,`a_keyword`,`a_hit` FROM `by_article` ORDER BY a_time desc LIMIT 0,15   [ RunTime:0.0004s ]
SQL: SELECT DATE_FORMAT(FROM_UNIXTIME(a_time),'%Y%m'), COUNT(1) FROM `by_article` 
                        GROUP BY DATE_FORMAT(FROM_UNIXTIME(a_time),'%Y%m') DESC [ RunTime:0.0221s ]
INFO: [ view_parse ] --START--
INFO: [ template_filter ] --START--
INFO: Run Behavior\ContentReplaceBehavior [ RunTime:0.000058s ]
INFO: [ template_filter ] --END-- [ RunTime:0.000107s ]
NOTIC: [8] Undefined index: DATA_FORMAT F:\php\phpstudy\WWW\byblog\ByBlog\Runtime\Cache\Home\a909a8a9fbb2c3a747c763e60e108fb5.php 第 55 行.
NOTIC: [8] Undefined variable: COUNT F:\php\phpstudy\WWW\byblog\ByBlog\Runtime\Cache\Home\a909a8a9fbb2c3a747c763e60e108fb5.php 第 55 行.
INFO: Run Behavior\ParseTemplateBehavior [ RunTime:0.013900s ]
INFO: [ view_parse ] --END-- [ RunTime:0.013946s ]
INFO: [ view_filter ] --START--
INFO: Run Behavior\WriteHtmlCacheBehavior [ RunTime:0.000288s ]
INFO: [ view_filter ] --END-- [ RunTime:0.000323s ]
INFO: [ app_end ] --START--
INFO: Run Behavior\ShowPageTraceBehavior [ RunTime:0.000463s ]
INFO: [ app_end ] --END-- [ RunTime:0.000500s ]

[ 2016-08-01T10:42:29+08:00 ] ::1 /byblog/
INFO: [ app_init ] --START--
INFO: Run Behavior\BuildLiteBehavior [ RunTime:0.000012s ]
INFO: [ app_init ] --END-- [ RunTime:0.000291s ]
INFO: [ app_begin ] --START--
INFO: Run Behavior\ReadHtmlCacheBehavior [ RunTime:0.000330s ]
INFO: [ app_begin ] --END-- [ RunTime:0.000373s ]
SQL: SHOW COLUMNS FROM `by_article` [ RunTime:0.0095s ]
SQL: SELECT COUNT(*) AS tp_count FROM `by_article` LIMIT 1   [ RunTime:0.0002s ]
SQL: SELECT `a_id`,`a_title`,`a_remark`,`a_time`,`a_keyword`,`a_hit` FROM `by_article` ORDER BY a_time desc LIMIT 0,15   [ RunTime:0.0003s ]
SQL: SELECT DATE_FORMAT(FROM_UNIXTIME(a_time),'%Y%m'), COUNT(1) FROM `by_article` 
                        GROUP BY DATE_FORMAT(FROM_UNIXTIME(a_time),'%Y%m') DESC [ RunTime:0.0003s ]
INFO: [ view_parse ] --START--
INFO: [ template_filter ] --START--
INFO: Run Behavior\ContentReplaceBehavior [ RunTime:0.000051s ]
INFO: [ template_filter ] --END-- [ RunTime:0.000094s ]
NOTIC: [8] Undefined index: DATA_FORMAT F:\php\phpstudy\WWW\byblog\ByBlog\Runtime\Cache\Home\a909a8a9fbb2c3a747c763e60e108fb5.php 第 55 行.
NOTIC: [8] Undefined variable: COUNT F:\php\phpstudy\WWW\byblog\ByBlog\Runtime\Cache\Home\a909a8a9fbb2c3a747c763e60e108fb5.php 第 55 行.
INFO: Run Behavior\ParseTemplateBehavior [ RunTime:0.006977s ]
INFO: [ view_parse ] --END-- [ RunTime:0.007023s ]
INFO: [ view_filter ] --START--
INFO: Run Behavior\WriteHtmlCacheBehavior [ RunTime:0.000207s ]
INFO: [ view_filter ] --END-- [ RunTime:0.000240s ]
INFO: [ app_end ] --START--
INFO: Run Behavior\ShowPageTraceBehavior [ RunTime:0.000371s ]
INFO: [ app_end ] --END-- [ RunTime:0.000409s ]

[ 2016-08-01T10:43:04+08:00 ] ::1 /byblog/
INFO: [ app_init ] --START--
INFO: Run Behavior\BuildLiteBehavior [ RunTime:0.000012s ]
INFO: [ app_init ] --END-- [ RunTime:0.000273s ]
INFO: [ app_begin ] --START--
INFO: Run Behavior\ReadHtmlCacheBehavior [ RunTime:0.000325s ]
INFO: [ app_begin ] --END-- [ RunTime:0.000369s ]
SQL: SHOW COLUMNS FROM `by_article` [ RunTime:0.0095s ]
SQL: SELECT COUNT(*) AS tp_count FROM `by_article` LIMIT 1   [ RunTime:0.0002s ]
SQL: SELECT `a_id`,`a_title`,`a_remark`,`a_time`,`a_keyword`,`a_hit` FROM `by_article` ORDER BY a_time desc LIMIT 0,15   [ RunTime:0.0004s ]
SQL: SELECT DATE_FORMAT(FROM_UNIXTIME(a_time),'%Y%m'), COUNT(1) FROM `by_article` 
                        GROUP BY DATE_FORMAT(FROM_UNIXTIME(a_time),'%Y%m') DESC [ RunTime:0.0004s ]
NOTIC: [8] Undefined index: date_format(from_unixtime(a_time),'%y%m') F:\php\phpstudy\WWW\byblog\ByBlog\Home\Controller\IndexController.class.php 第 24 行.
INFO: [ view_parse ] --START--
INFO: [ template_filter ] --START--
INFO: Run Behavior\ContentReplaceBehavior [ RunTime:0.000054s ]
INFO: [ template_filter ] --END-- [ RunTime:0.000105s ]
NOTIC: [8] Undefined index: DATA_FORMAT F:\php\phpstudy\WWW\byblog\ByBlog\Runtime\Cache\Home\a909a8a9fbb2c3a747c763e60e108fb5.php 第 55 行.
NOTIC: [8] Undefined variable: COUNT F:\php\phpstudy\WWW\byblog\ByBlog\Runtime\Cache\Home\a909a8a9fbb2c3a747c763e60e108fb5.php 第 55 行.
INFO: Run Behavior\ParseTemplateBehavior [ RunTime:0.006601s ]
INFO: [ view_parse ] --END-- [ RunTime:0.006649s ]
INFO: [ view_filter ] --START--
INFO: Run Behavior\WriteHtmlCacheBehavior [ RunTime:0.000223s ]
INFO: [ view_filter ] --END-- [ RunTime:0.000258s ]
INFO: [ app_end ] --START--
INFO: Run Behavior\ShowPageTraceBehavior [ RunTime:0.000381s ]
INFO: [ app_end ] --END-- [ RunTime:0.000419s ]

[ 2016-08-01T10:43:17+08:00 ] ::1 /byblog/
INFO: [ app_init ] --START--
INFO: Run Behavior\BuildLiteBehavior [ RunTime:0.000012s ]
INFO: [ app_init ] --END-- [ RunTime:0.000293s ]
INFO: [ app_begin ] --START--
INFO: Run Behavior\ReadHtmlCacheBehavior [ RunTime:0.000341s ]
INFO: [ app_begin ] --END-- [ RunTime:0.000385s ]
SQL: SHOW COLUMNS FROM `by_article` [ RunTime:0.0096s ]
SQL: SELECT COUNT(*) AS tp_count FROM `by_article` LIMIT 1   [ RunTime:0.0002s ]
SQL: SELECT `a_id`,`a_title`,`a_remark`,`a_time`,`a_keyword`,`a_hit` FROM `by_article` ORDER BY a_time desc LIMIT 0,15   [ RunTime:0.0003s ]
SQL: SELECT DATE_FORMAT(FROM_UNIXTIME(a_time),'%Y%m'), COUNT(1) FROM `by_article` 
                        GROUP BY DATE_FORMAT(FROM_UNIXTIME(a_time),'%Y%m') DESC [ RunTime:0.0004s ]
INFO: [ view_parse ] --START--
INFO: [ template_filter ] --START--
INFO: Run Behavior\ContentReplaceBehavior [ RunTime:0.000055s ]
INFO: [ template_filter ] --END-- [ RunTime:0.000104s ]
NOTIC: [8] Undefined index: DATA_FORMAT F:\php\phpstudy\WWW\byblog\ByBlog\Runtime\Cache\Home\a909a8a9fbb2c3a747c763e60e108fb5.php 第 55 行.
NOTIC: [8] Undefined variable: COUNT F:\php\phpstudy\WWW\byblog\ByBlog\Runtime\Cache\Home\a909a8a9fbb2c3a747c763e60e108fb5.php 第 55 行.
INFO: Run Behavior\ParseTemplateBehavior [ RunTime:0.006423s ]
INFO: [ view_parse ] --END-- [ RunTime:0.006467s ]
INFO: [ view_filter ] --START--
INFO: Run Behavior\WriteHtmlCacheBehavior [ RunTime:0.000226s ]
INFO: [ view_filter ] --END-- [ RunTime:0.000259s ]
INFO: [ app_end ] --START--
INFO: Run Behavior\ShowPageTraceBehavior [ RunTime:0.000381s ]
INFO: [ app_end ] --END-- [ RunTime:0.000421s ]

[ 2016-08-01T10:43:43+08:00 ] ::1 /byblog/
INFO: [ app_init ] --START--
INFO: Run Behavior\BuildLiteBehavior [ RunTime:0.000012s ]
INFO: [ app_init ] --END-- [ RunTime:0.000294s ]
INFO: [ app_begin ] --START--
INFO: Run Behavior\ReadHtmlCacheBehavior [ RunTime:0.000349s ]
INFO: [ app_begin ] --END-- [ RunTime:0.000393s ]
SQL: SHOW COLUMNS FROM `by_article` [ RunTime:0.0096s ]
SQL: SELECT COUNT(*) AS tp_count FROM `by_article` LIMIT 1   [ RunTime:0.0002s ]
SQL: SELECT `a_id`,`a_title`,`a_remark`,`a_time`,`a_keyword`,`a_hit` FROM `by_article` ORDER BY a_time desc LIMIT 0,15   [ RunTime:0.0003s ]
SQL: SELECT DATE_FORMAT(FROM_UNIXTIME(a_time),'%Y%m'), COUNT(1) FROM `by_article` 
                        GROUP BY DATE_FORMAT(FROM_UNIXTIME(a_time),'%Y%m') DESC [ RunTime:0.0004s ]
INFO: [ view_parse ] --START--
INFO: [ template_filter ] --START--
INFO: Run Behavior\ContentReplaceBehavior [ RunTime:0.000074s ]
INFO: [ template_filter ] --END-- [ RunTime:0.000127s ]
NOTIC: [8] Undefined index: DATA_FORMAT F:\php\phpstudy\WWW\byblog\ByBlog\Runtime\Cache\Home\a909a8a9fbb2c3a747c763e60e108fb5.php 第 55 行.
NOTIC: [8] Undefined variable: COUNT F:\php\phpstudy\WWW\byblog\ByBlog\Runtime\Cache\Home\a909a8a9fbb2c3a747c763e60e108fb5.php 第 55 行.
INFO: Run Behavior\ParseTemplateBehavior [ RunTime:0.006936s ]
INFO: [ view_parse ] --END-- [ RunTime:0.006976s ]
INFO: [ view_filter ] --START--
INFO: Run Behavior\WriteHtmlCacheBehavior [ RunTime:0.000201s ]
INFO: [ view_filter ] --END-- [ RunTime:0.000234s ]
INFO: [ app_end ] --START--
INFO: Run Behavior\ShowPageTraceBehavior [ RunTime:0.000399s ]
INFO: [ app_end ] --END-- [ RunTime:0.000434s ]

[ 2016-08-01T10:44:02+08:00 ] ::1 /byblog/
INFO: [ app_init ] --START--
INFO: Run Behavior\BuildLiteBehavior [ RunTime:0.000013s ]
INFO: [ app_init ] --END-- [ RunTime:0.000345s ]
INFO: [ app_begin ] --START--
INFO: Run Behavior\ReadHtmlCacheBehavior [ RunTime:0.000394s ]
INFO: [ app_begin ] --END-- [ RunTime:0.000441s ]
SQL: SHOW COLUMNS FROM `by_article` [ RunTime:0.0093s ]
SQL: SELECT COUNT(*) AS tp_count FROM `by_article` LIMIT 1   [ RunTime:0.0002s ]
SQL: SELECT `a_id`,`a_title`,`a_remark`,`a_time`,`a_keyword`,`a_hit` FROM `by_article` ORDER BY a_time desc LIMIT 0,15   [ RunTime:0.0004s ]
SQL: SELECT DATE_FORMAT(FROM_UNIXTIME(a_time),'%Y%m'), COUNT(1) FROM `by_article` 
                        GROUP BY DATE_FORMAT(FROM_UNIXTIME(a_time),'%Y%m') DESC [ RunTime:0.0004s ]
INFO: [ view_parse ] --START--
INFO: [ template_filter ] --START--
INFO: Run Behavior\ContentReplaceBehavior [ RunTime:0.000053s ]
INFO: [ template_filter ] --END-- [ RunTime:0.000099s ]
NOTIC: [8] Undefined index: DATA_FORMAT F:\php\phpstudy\WWW\byblog\ByBlog\Runtime\Cache\Home\a909a8a9fbb2c3a747c763e60e108fb5.php 第 55 行.
NOTIC: [8] Undefined variable: COUNT F:\php\phpstudy\WWW\byblog\ByBlog\Runtime\Cache\Home\a909a8a9fbb2c3a747c763e60e108fb5.php 第 55 行.
INFO: Run Behavior\ParseTemplateBehavior [ RunTime:0.007487s ]
INFO: [ view_parse ] --END-- [ RunTime:0.007535s ]
INFO: [ view_filter ] --START--
INFO: Run Behavior\WriteHtmlCacheBehavior [ RunTime:0.000290s ]
INFO: [ view_filter ] --END-- [ RunTime:0.000325s ]
INFO: [ app_end ] --START--
INFO: Run Behavior\ShowPageTraceBehavior [ RunTime:0.000439s ]
INFO: [ app_end ] --END-- [ RunTime:0.000477s ]

[ 2016-08-01T10:45:13+08:00 ] ::1 /byblog/
INFO: [ app_init ] --START--
INFO: Run Behavior\BuildLiteBehavior [ RunTime:0.000012s ]
INFO: [ app_init ] --END-- [ RunTime:0.000282s ]
INFO: [ app_begin ] --START--
INFO: Run Behavior\ReadHtmlCacheBehavior [ RunTime:0.000332s ]
INFO: [ app_begin ] --END-- [ RunTime:0.000376s ]
SQL: SHOW COLUMNS FROM `by_article` [ RunTime:0.0093s ]
SQL: SELECT COUNT(*) AS tp_count FROM `by_article` LIMIT 1   [ RunTime:0.0002s ]
SQL: SELECT `a_id`,`a_title`,`a_remark`,`a_time`,`a_keyword`,`a_hit` FROM `by_article` ORDER BY a_time desc LIMIT 0,15   [ RunTime:0.0003s ]
SQL: SELECT DATE_FORMAT(FROM_UNIXTIME(a_time),'%Y%m'), COUNT(1) FROM `by_article` 
                        GROUP BY DATE_FORMAT(FROM_UNIXTIME(a_time),'%Y%m') DESC [ RunTime:0.0004s ]
INFO: [ view_parse ] --START--
INFO: [ template_filter ] --START--
INFO: Run Behavior\ContentReplaceBehavior [ RunTime:0.000056s ]
INFO: [ template_filter ] --END-- [ RunTime:0.000097s ]
NOTIC: [8] Undefined index: DATA_FORMAT F:\php\phpstudy\WWW\byblog\ByBlog\Runtime\Cache\Home\a909a8a9fbb2c3a747c763e60e108fb5.php 第 58 行.
NOTIC: [8] Undefined variable: COUNT F:\php\phpstudy\WWW\byblog\ByBlog\Runtime\Cache\Home\a909a8a9fbb2c3a747c763e60e108fb5.php 第 58 行.
INFO: Run Behavior\ParseTemplateBehavior [ RunTime:0.006909s ]
INFO: [ view_parse ] --END-- [ RunTime:0.006949s ]
INFO: [ view_filter ] --START--
INFO: Run Behavior\WriteHtmlCacheBehavior [ RunTime:0.000206s ]
INFO: [ view_filter ] --END-- [ RunTime:0.000240s ]
INFO: [ app_end ] --START--
INFO: Run Behavior\ShowPageTraceBehavior [ RunTime:0.000345s ]
INFO: [ app_end ] --END-- [ RunTime:0.000384s ]

[ 2016-08-01T10:45:43+08:00 ] ::1 /byblog/
INFO: [ app_init ] --START--
INFO: Run Behavior\BuildLiteBehavior [ RunTime:0.000014s ]
INFO: [ app_init ] --END-- [ RunTime:0.000297s ]
INFO: [ app_begin ] --START--
INFO: Run Behavior\ReadHtmlCacheBehavior [ RunTime:0.000367s ]
INFO: [ app_begin ] --END-- [ RunTime:0.000417s ]
SQL: SHOW COLUMNS FROM `by_article` [ RunTime:0.0034s ]
SQL: SELECT COUNT(*) AS tp_count FROM `by_article` LIMIT 1   [ RunTime:0.0002s ]
SQL: SELECT `a_id`,`a_title`,`a_remark`,`a_time`,`a_keyword`,`a_hit` FROM `by_article` ORDER BY a_time desc LIMIT 0,15   [ RunTime:0.0004s ]
SQL: SELECT DATE_FORMAT(FROM_UNIXTIME(a_time),'%Y%m'), COUNT(1) FROM `by_article` 
                        GROUP BY DATE_FORMAT(FROM_UNIXTIME(a_time),'%Y%m') DESC [ RunTime:0.0004s ]
INFO: [ view_parse ] --START--
INFO: [ template_filter ] --START--
INFO: Run Behavior\ContentReplaceBehavior [ RunTime:0.000084s ]
INFO: [ template_filter ] --END-- [ RunTime:0.000135s ]
NOTIC: [8] Undefined index: DATA_FORMAT F:\php\phpstudy\WWW\byblog\ByBlog\Runtime\Cache\Home\a909a8a9fbb2c3a747c763e60e108fb5.php 第 58 行.
NOTIC: [8] Undefined variable: COUNT F:\php\phpstudy\WWW\byblog\ByBlog\Runtime\Cache\Home\a909a8a9fbb2c3a747c763e60e108fb5.php 第 58 行.
INFO: Run Behavior\ParseTemplateBehavior [ RunTime:0.007887s ]
INFO: [ view_parse ] --END-- [ RunTime:0.007938s ]
INFO: [ view_filter ] --START--
INFO: Run Behavior\WriteHtmlCacheBehavior [ RunTime:0.000242s ]
INFO: [ view_filter ] --END-- [ RunTime:0.000277s ]
INFO: [ app_end ] --START--
INFO: Run Behavior\ShowPageTraceBehavior [ RunTime:0.000370s ]
INFO: [ app_end ] --END-- [ RunTime:0.000426s ]

[ 2016-08-01T10:49:04+08:00 ] ::1 /byblog/
INFO: [ app_init ] --START--
INFO: Run Behavior\BuildLiteBehavior [ RunTime:0.000016s ]
INFO: [ app_init ] --END-- [ RunTime:0.000429s ]
INFO: [ app_begin ] --START--
INFO: Run Behavior\ReadHtmlCacheBehavior [ RunTime:0.000459s ]
INFO: [ app_begin ] --END-- [ RunTime:0.000521s ]
SQL: SHOW COLUMNS FROM `by_article` [ RunTime:0.0099s ]
SQL: SELECT COUNT(*) AS tp_count FROM `by_article` LIMIT 1   [ RunTime:0.0002s ]
SQL: SELECT `a_id`,`a_title`,`a_remark`,`a_time`,`a_keyword`,`a_hit` FROM `by_article` ORDER BY a_time desc LIMIT 0,15   [ RunTime:0.0003s ]
SQL: SELECT DATE_FORMAT(FROM_UNIXTIME(a_time),'%Y%m') a_time, 
                COUNT(1) a_sum
                FROM `by_article`
                GROUP BY DATE_FORMAT(FROM_UNIXTIME(a_time),'%Y%m') desc [ RunTime:0.0004s ]
NOTIC: [8] Undefined index: date_format(from_unixtime(a_time),'%y%m') F:\php\phpstudy\WWW\byblog\ByBlog\Home\Controller\IndexController.class.php 第 27 行.
INFO: [ view_parse ] --START--
INFO: [ template_filter ] --START--
INFO: Run Behavior\ContentReplaceBehavior [ RunTime:0.000061s ]
INFO: [ template_filter ] --END-- [ RunTime:0.000118s ]
NOTIC: [8] Undefined index: DATA_FORMAT F:\php\phpstudy\WWW\byblog\ByBlog\Runtime\Cache\Home\a909a8a9fbb2c3a747c763e60e108fb5.php 第 58 行.
NOTIC: [8] Undefined variable: COUNT F:\php\phpstudy\WWW\byblog\ByBlog\Runtime\Cache\Home\a909a8a9fbb2c3a747c763e60e108fb5.php 第 58 行.
INFO: Run Behavior\ParseTemplateBehavior [ RunTime:0.014844s ]
INFO: [ view_parse ] --END-- [ RunTime:0.014886s ]
INFO: [ view_filter ] --START--
INFO: Run Behavior\WriteHtmlCacheBehavior [ RunTime:0.000296s ]
INFO: [ view_filter ] --END-- [ RunTime:0.000331s ]
INFO: [ app_end ] --START--
INFO: Run Behavior\ShowPageTraceBehavior [ RunTime:0.000489s ]
INFO: [ app_end ] --END-- [ RunTime:0.000537s ]

[ 2016-08-01T10:49:26+08:00 ] ::1 /byblog/
INFO: [ app_init ] --START--
INFO: Run Behavior\BuildLiteBehavior [ RunTime:0.000012s ]
INFO: [ app_init ] --END-- [ RunTime:0.000283s ]
INFO: [ app_begin ] --START--
INFO: Run Behavior\ReadHtmlCacheBehavior [ RunTime:0.000332s ]
INFO: [ app_begin ] --END-- [ RunTime:0.000376s ]
SQL: SHOW COLUMNS FROM `by_article` [ RunTime:0.0095s ]
SQL: SELECT COUNT(*) AS tp_count FROM `by_article` LIMIT 1   [ RunTime:0.0002s ]
SQL: SELECT `a_id`,`a_title`,`a_remark`,`a_time`,`a_keyword`,`a_hit` FROM `by_article` ORDER BY a_time desc LIMIT 0,15   [ RunTime:0.0004s ]
SQL: SELECT DATE_FORMAT(FROM_UNIXTIME(a_time),'%Y%m') a_time, 
                COUNT(1) a_sum
                FROM `by_article`
                GROUP BY DATE_FORMAT(FROM_UNIXTIME(a_time),'%Y%m') desc [ RunTime:0.0005s ]
NOTIC: [8] Undefined index: date_format(from_unixtime(a_time),'%y%m') F:\php\phpstudy\WWW\byblog\ByBlog\Home\Controller\IndexController.class.php 第 27 行.
INFO: [ view_parse ] --START--
INFO: [ template_filter ] --START--
INFO: Run Behavior\ContentReplaceBehavior [ RunTime:0.000058s ]
INFO: [ template_filter ] --END-- [ RunTime:0.000104s ]
NOTIC: [8] Undefined index: DATA_FORMAT F:\php\phpstudy\WWW\byblog\ByBlog\Runtime\Cache\Home\a909a8a9fbb2c3a747c763e60e108fb5.php 第 58 行.
NOTIC: [8] Undefined variable: COUNT F:\php\phpstudy\WWW\byblog\ByBlog\Runtime\Cache\Home\a909a8a9fbb2c3a747c763e60e108fb5.php 第 58 行.
INFO: Run Behavior\ParseTemplateBehavior [ RunTime:0.007733s ]
INFO: [ view_parse ] --END-- [ RunTime:0.007781s ]
INFO: [ view_filter ] --START--
INFO: Run Behavior\WriteHtmlCacheBehavior [ RunTime:0.000214s ]
INFO: [ view_filter ] --END-- [ RunTime:0.000247s ]
INFO: [ app_end ] --START--
INFO: Run Behavior\ShowPageTraceBehavior [ RunTime:0.000351s ]
INFO: [ app_end ] --END-- [ RunTime:0.000390s ]

[ 2016-08-01T10:49:53+08:00 ] ::1 /byblog/
INFO: [ app_init ] --START--
INFO: Run Behavior\BuildLiteBehavior [ RunTime:0.000013s ]
INFO: [ app_init ] --END-- [ RunTime:0.000291s ]
INFO: [ app_begin ] --START--
INFO: Run Behavior\ReadHtmlCacheBehavior [ RunTime:0.000351s ]
INFO: [ app_begin ] --END-- [ RunTime:0.000395s ]
SQL: SHOW COLUMNS FROM `by_article` [ RunTime:0.0095s ]
SQL: SELECT COUNT(*) AS tp_count FROM `by_article` LIMIT 1   [ RunTime:0.0002s ]
SQL: SELECT `a_id`,`a_title`,`a_remark`,`a_time`,`a_keyword`,`a_hit` FROM `by_article` ORDER BY a_time desc LIMIT 0,15   [ RunTime:0.0004s ]
SQL: SELECT DATE_FORMAT(FROM_UNIXTIME(a_time),'%Y%m') a_time, 
                COUNT(1) a_sum
                FROM `by_article`
                GROUP BY DATE_FORMAT(FROM_UNIXTIME(a_time),'%Y%m') desc [ RunTime:0.0005s ]
NOTIC: [8] Undefined index: date_format(from_unixtime(a_time),'%y%m') F:\php\phpstudy\WWW\byblog\ByBlog\Home\Controller\IndexController.class.php 第 27 行.
INFO: [ view_parse ] --START--
INFO: [ template_filter ] --START--
INFO: Run Behavior\ContentReplaceBehavior [ RunTime:0.000059s ]
INFO: [ template_filter ] --END-- [ RunTime:0.000104s ]
NOTIC: [8] Undefined index: DATA_FORMAT F:\php\phpstudy\WWW\byblog\ByBlog\Runtime\Cache\Home\a909a8a9fbb2c3a747c763e60e108fb5.php 第 58 行.
NOTIC: [8] Undefined variable: COUNT F:\php\phpstudy\WWW\byblog\ByBlog\Runtime\Cache\Home\a909a8a9fbb2c3a747c763e60e108fb5.php 第 58 行.
INFO: Run Behavior\ParseTemplateBehavior [ RunTime:0.007547s ]
INFO: [ view_parse ] --END-- [ RunTime:0.007592s ]
INFO: [ view_filter ] --START--
INFO: Run Behavior\WriteHtmlCacheBehavior [ RunTime:0.000215s ]
INFO: [ view_filter ] --END-- [ RunTime:0.000248s ]
INFO: [ app_end ] --START--
INFO: Run Behavior\ShowPageTraceBehavior [ RunTime:0.000353s ]
INFO: [ app_end ] --END-- [ RunTime:0.000392s ]

[ 2016-08-01T10:50:18+08:00 ] ::1 /byblog/
INFO: [ app_init ] --START--
INFO: Run Behavior\BuildLiteBehavior [ RunTime:0.000012s ]
INFO: [ app_init ] --END-- [ RunTime:0.000280s ]
INFO: [ app_begin ] --START--
INFO: Run Behavior\ReadHtmlCacheBehavior [ RunTime:0.000328s ]
INFO: [ app_begin ] --END-- [ RunTime:0.000372s ]
SQL: SHOW COLUMNS FROM `by_article` [ RunTime:0.0092s ]
SQL: SELECT COUNT(*) AS tp_count FROM `by_article` LIMIT 1   [ RunTime:0.0002s ]
SQL: SELECT `a_id`,`a_title`,`a_remark`,`a_time`,`a_keyword`,`a_hit` FROM `by_article` ORDER BY a_time desc LIMIT 0,15   [ RunTime:0.0004s ]
SQL: SELECT DATE_FORMAT(FROM_UNIXTIME(a_time),'%Y%m') a_time, 
                COUNT(1) a_sum
                FROM `by_article`
                GROUP BY DATE_FORMAT(FROM_UNIXTIME(a_time),'%Y%m') desc [ RunTime:0.0004s ]
NOTIC: [8] Undefined index: date_format(from_unixtime(a_time),'%y%m') F:\php\phpstudy\WWW\byblog\ByBlog\Home\Controller\IndexController.class.php 第 27 行.
INFO: [ view_parse ] --START--
INFO: [ template_filter ] --START--
INFO: Run Behavior\ContentReplaceBehavior [ RunTime:0.000059s ]
INFO: [ template_filter ] --END-- [ RunTime:0.000105s ]
NOTIC: [8] Undefined index: DATA_FORMAT F:\php\phpstudy\WWW\byblog\ByBlog\Runtime\Cache\Home\a909a8a9fbb2c3a747c763e60e108fb5.php 第 59 行.
NOTIC: [8] Undefined variable: COUNT F:\php\phpstudy\WWW\byblog\ByBlog\Runtime\Cache\Home\a909a8a9fbb2c3a747c763e60e108fb5.php 第 59 行.
INFO: Run Behavior\ParseTemplateBehavior [ RunTime:0.007545s ]
INFO: [ view_parse ] --END-- [ RunTime:0.007585s ]
INFO: [ view_filter ] --START--
INFO: Run Behavior\WriteHtmlCacheBehavior [ RunTime:0.000225s ]
INFO: [ view_filter ] --END-- [ RunTime:0.000259s ]
INFO: [ app_end ] --START--
INFO: Run Behavior\ShowPageTraceBehavior [ RunTime:0.000350s ]
INFO: [ app_end ] --END-- [ RunTime:0.000390s ]

[ 2016-08-01T10:50:46+08:00 ] ::1 /byblog/
INFO: [ app_init ] --START--
INFO: Run Behavior\BuildLiteBehavior [ RunTime:0.000013s ]
INFO: [ app_init ] --END-- [ RunTime:0.000289s ]
INFO: [ app_begin ] --START--
INFO: Run Behavior\ReadHtmlCacheBehavior [ RunTime:0.000333s ]
INFO: [ app_begin ] --END-- [ RunTime:0.000377s ]
SQL: SHOW COLUMNS FROM `by_article` [ RunTime:0.0096s ]
SQL: SELECT COUNT(*) AS tp_count FROM `by_article` LIMIT 1   [ RunTime:0.0002s ]
SQL: SELECT `a_id`,`a_title`,`a_remark`,`a_time`,`a_keyword`,`a_hit` FROM `by_article` ORDER BY a_time desc LIMIT 0,15   [ RunTime:0.0004s ]
SQL: SELECT DATE_FORMAT(FROM_UNIXTIME(a_time),'%Y%m') a_time, 
                COUNT(1) a_sum
                FROM `by_article`
                GROUP BY DATE_FORMAT(FROM_UNIXTIME(a_time),'%Y%m') desc [ RunTime:0.0005s ]
NOTIC: [8] Undefined index: date_format(from_unixtime(a_time),'%y%m') F:\php\phpstudy\WWW\byblog\ByBlog\Home\Controller\IndexController.class.php 第 27 行.
INFO: [ view_parse ] --START--
INFO: [ template_filter ] --START--
INFO: Run Behavior\ContentReplaceBehavior [ RunTime:0.000064s ]
INFO: [ template_filter ] --END-- [ RunTime:0.000111s ]
NOTIC: [8] Undefined index: DATA_FORMAT F:\php\phpstudy\WWW\byblog\ByBlog\Runtime\Cache\Home\a909a8a9fbb2c3a747c763e60e108fb5.php 第 58 行.
NOTIC: [8] Undefined variable: COUNT F:\php\phpstudy\WWW\byblog\ByBlog\Runtime\Cache\Home\a909a8a9fbb2c3a747c763e60e108fb5.php 第 58 行.
INFO: Run Behavior\ParseTemplateBehavior [ RunTime:0.007506s ]
INFO: [ view_parse ] --END-- [ RunTime:0.007552s ]
INFO: [ view_filter ] --START--
INFO: Run Behavior\WriteHtmlCacheBehavior [ RunTime:0.000208s ]
INFO: [ view_filter ] --END-- [ RunTime:0.000242s ]
INFO: [ app_end ] --START--
INFO: Run Behavior\ShowPageTraceBehavior [ RunTime:0.000338s ]
INFO: [ app_end ] --END-- [ RunTime:0.000376s ]

[ 2016-08-01T10:51:13+08:00 ] ::1 /byblog/
INFO: [ app_init ] --START--
INFO: Run Behavior\BuildLiteBehavior [ RunTime:0.000012s ]
INFO: [ app_init ] --END-- [ RunTime:0.000346s ]
INFO: [ app_begin ] --START--
INFO: Run Behavior\ReadHtmlCacheBehavior [ RunTime:0.000399s ]
INFO: [ app_begin ] --END-- [ RunTime:0.000449s ]
SQL: SHOW COLUMNS FROM `by_article` [ RunTime:0.0039s ]
SQL: SELECT COUNT(*) AS tp_count FROM `by_article` LIMIT 1   [ RunTime:0.0002s ]
SQL: SELECT `a_id`,`a_title`,`a_remark`,`a_time`,`a_keyword`,`a_hit` FROM `by_article` ORDER BY a_time desc LIMIT 0,15   [ RunTime:0.0003s ]
SQL: SELECT DATE_FORMAT(FROM_UNIXTIME(a_time),'%Y%m') a_time, 
                COUNT(1) a_sum
                FROM `by_article`
                GROUP BY DATE_FORMAT(FROM_UNIXTIME(a_time),'%Y%m') desc [ RunTime:0.0004s ]
NOTIC: [8] Undefined index: date_format(from_unixtime(a_time),'%y%m') F:\php\phpstudy\WWW\byblog\ByBlog\Home\Controller\IndexController.class.php 第 27 行.
INFO: [ view_parse ] --START--
INFO: [ template_filter ] --START--
INFO: Run Behavior\ContentReplaceBehavior [ RunTime:0.000055s ]
INFO: [ template_filter ] --END-- [ RunTime:0.000097s ]
NOTIC: [8] Undefined index: DATA_FORMAT F:\php\phpstudy\WWW\byblog\ByBlog\Runtime\Cache\Home\a909a8a9fbb2c3a747c763e60e108fb5.php 第 58 行.
NOTIC: [8] Undefined variable: COUNT F:\php\phpstudy\WWW\byblog\ByBlog\Runtime\Cache\Home\a909a8a9fbb2c3a747c763e60e108fb5.php 第 58 行.
INFO: Run Behavior\ParseTemplateBehavior [ RunTime:0.008263s ]
INFO: [ view_parse ] --END-- [ RunTime:0.008310s ]
INFO: [ view_filter ] --START--
INFO: Run Behavior\WriteHtmlCacheBehavior [ RunTime:0.000293s ]
INFO: [ view_filter ] --END-- [ RunTime:0.000328s ]
INFO: [ app_end ] --START--
INFO: Run Behavior\ShowPageTraceBehavior [ RunTime:0.000407s ]
INFO: [ app_end ] --END-- [ RunTime:0.000446s ]

[ 2016-08-01T10:51:40+08:00 ] ::1 /byblog/
INFO: [ app_init ] --START--
INFO: Run Behavior\BuildLiteBehavior [ RunTime:0.000012s ]
INFO: [ app_init ] --END-- [ RunTime:0.000287s ]
INFO: [ app_begin ] --START--
INFO: Run Behavior\ReadHtmlCacheBehavior [ RunTime:0.000342s ]
INFO: [ app_begin ] --END-- [ RunTime:0.000388s ]
SQL: SHOW COLUMNS FROM `by_article` [ RunTime:0.0093s ]
SQL: SELECT COUNT(*) AS tp_count FROM `by_article` LIMIT 1   [ RunTime:0.0002s ]
SQL: SELECT `a_id`,`a_title`,`a_remark`,`a_time`,`a_keyword`,`a_hit` FROM `by_article` ORDER BY a_time desc LIMIT 0,15   [ RunTime:0.0004s ]
SQL: SELECT DATE_FORMAT(FROM_UNIXTIME(a_time),'%Y%m') a_time, 
                COUNT(1) a_sum
                FROM `by_article`
                GROUP BY DATE_FORMAT(FROM_UNIXTIME(a_time),'%Y%m') desc [ RunTime:0.0005s ]
INFO: [ view_parse ] --START--
INFO: [ template_filter ] --START--
INFO: Run Behavior\ContentReplaceBehavior [ RunTime:0.000065s ]
INFO: [ template_filter ] --END-- [ RunTime:0.000129s ]
NOTIC: [8] Undefined index: DATA_FORMAT F:\php\phpstudy\WWW\byblog\ByBlog\Runtime\Cache\Home\a909a8a9fbb2c3a747c763e60e108fb5.php 第 58 行.
NOTIC: [8] Undefined variable: COUNT F:\php\phpstudy\WWW\byblog\ByBlog\Runtime\Cache\Home\a909a8a9fbb2c3a747c763e60e108fb5.php 第 58 行.
INFO: Run Behavior\ParseTemplateBehavior [ RunTime:0.008782s ]
INFO: [ view_parse ] --END-- [ RunTime:0.008837s ]
INFO: [ view_filter ] --START--
INFO: Run Behavior\WriteHtmlCacheBehavior [ RunTime:0.000246s ]
INFO: [ view_filter ] --END-- [ RunTime:0.000286s ]
INFO: [ app_end ] --START--
INFO: Run Behavior\ShowPageTraceBehavior [ RunTime:0.000425s ]
INFO: [ app_end ] --END-- [ RunTime:0.000476s ]

[ 2016-08-01T10:52:38+08:00 ] ::1 /byblog/
INFO: [ app_init ] --START--
INFO: Run Behavior\BuildLiteBehavior [ RunTime:0.000012s ]
INFO: [ app_init ] --END-- [ RunTime:0.000279s ]
INFO: [ app_begin ] --START--
INFO: Run Behavior\ReadHtmlCacheBehavior [ RunTime:0.000339s ]
INFO: [ app_begin ] --END-- [ RunTime:0.000382s ]
SQL: SHOW COLUMNS FROM `by_article` [ RunTime:0.0033s ]
SQL: SELECT COUNT(*) AS tp_count FROM `by_article` LIMIT 1   [ RunTime:0.0002s ]
SQL: SELECT `a_id`,`a_title`,`a_remark`,`a_time`,`a_keyword`,`a_hit` FROM `by_article` ORDER BY a_time desc LIMIT 0,15   [ RunTime:0.0004s ]
SQL: SELECT DATE_FORMAT(FROM_UNIXTIME(a_time),'%Y%m') a_time, 
                COUNT(1) a_sum
                FROM `by_article`
                GROUP BY DATE_FORMAT(FROM_UNIXTIME(a_time),'%Y%m') desc [ RunTime:0.0005s ]
INFO: [ view_parse ] --START--
INFO: [ template_filter ] --START--
INFO: Run Behavior\ContentReplaceBehavior [ RunTime:0.000057s ]
INFO: [ template_filter ] --END-- [ RunTime:0.000104s ]
INFO: Run Behavior\ParseTemplateBehavior [ RunTime:0.007345s ]
INFO: [ view_parse ] --END-- [ RunTime:0.007399s ]
INFO: [ view_filter ] --START--
INFO: Run Behavior\WriteHtmlCacheBehavior [ RunTime:0.000209s ]
INFO: [ view_filter ] --END-- [ RunTime:0.000244s ]
INFO: [ app_end ] --START--
INFO: Run Behavior\ShowPageTraceBehavior [ RunTime:0.000358s ]
INFO: [ app_end ] --END-- [ RunTime:0.000399s ]

[ 2016-08-01T10:53:00+08:00 ] ::1 /byblog/
INFO: [ app_init ] --START--
INFO: Run Behavior\BuildLiteBehavior [ RunTime:0.000012s ]
INFO: [ app_init ] --END-- [ RunTime:0.000279s ]
INFO: [ app_begin ] --START--
INFO: Run Behavior\ReadHtmlCacheBehavior [ RunTime:0.000327s ]
INFO: [ app_begin ] --END-- [ RunTime:0.000370s ]
SQL: SHOW COLUMNS FROM `by_article` [ RunTime:0.0092s ]
SQL: SELECT COUNT(*) AS tp_count FROM `by_article` LIMIT 1   [ RunTime:0.0002s ]
SQL: SELECT `a_id`,`a_title`,`a_remark`,`a_time`,`a_keyword`,`a_hit` FROM `by_article` ORDER BY a_time desc LIMIT 0,15   [ RunTime:0.0003s ]
SQL: SELECT DATE_FORMAT(FROM_UNIXTIME(a_time),'%Y%m') a_time, 
                COUNT(1) a_sum
                FROM `by_article`
                GROUP BY DATE_FORMAT(FROM_UNIXTIME(a_time),'%Y%m') desc [ RunTime:0.0004s ]
INFO: [ view_parse ] --START--
INFO: [ template_filter ] --START--
INFO: Run Behavior\ContentReplaceBehavior [ RunTime:0.000057s ]
INFO: [ template_filter ] --END-- [ RunTime:0.000121s ]
INFO: Run Behavior\ParseTemplateBehavior [ RunTime:0.008067s ]
INFO: [ view_parse ] --END-- [ RunTime:0.008122s ]
INFO: [ view_filter ] --START--
INFO: Run Behavior\WriteHtmlCacheBehavior [ RunTime:0.000250s ]
INFO: [ view_filter ] --END-- [ RunTime:0.000293s ]
INFO: [ app_end ] --START--
INFO: Run Behavior\ShowPageTraceBehavior [ RunTime:0.000412s ]
INFO: [ app_end ] --END-- [ RunTime:0.000460s ]

[ 2016-08-01T10:53:31+08:00 ] ::1 /byblog/
INFO: [ app_init ] --START--
INFO: Run Behavior\BuildLiteBehavior [ RunTime:0.000012s ]
INFO: [ app_init ] --END-- [ RunTime:0.000338s ]
INFO: [ app_begin ] --START--
INFO: Run Behavior\ReadHtmlCacheBehavior [ RunTime:0.000401s ]
INFO: [ app_begin ] --END-- [ RunTime:0.000446s ]
SQL: SHOW COLUMNS FROM `by_article` [ RunTime:0.0090s ]
SQL: SELECT COUNT(*) AS tp_count FROM `by_article` LIMIT 1   [ RunTime:0.0002s ]
SQL: SELECT `a_id`,`a_title`,`a_remark`,`a_time`,`a_keyword`,`a_hit` FROM `by_article` ORDER BY a_time desc LIMIT 0,15   [ RunTime:0.0003s ]
SQL: SELECT DATE_FORMAT(FROM_UNIXTIME(a_time),'%Y%m') a_time, 
                COUNT(1) a_sum
                FROM `by_article`
                GROUP BY DATE_FORMAT(FROM_UNIXTIME(a_time),'%Y%m') desc [ RunTime:0.0004s ]
INFO: [ view_parse ] --START--
INFO: [ template_filter ] --START--
INFO: Run Behavior\ContentReplaceBehavior [ RunTime:0.000056s ]
INFO: [ template_filter ] --END-- [ RunTime:0.000106s ]
INFO: Run Behavior\ParseTemplateBehavior [ RunTime:0.008058s ]
INFO: [ view_parse ] --END-- [ RunTime:0.008109s ]
INFO: [ view_filter ] --START--
INFO: Run Behavior\WriteHtmlCacheBehavior [ RunTime:0.000288s ]
INFO: [ view_filter ] --END-- [ RunTime:0.000323s ]
INFO: [ app_end ] --START--
INFO: Run Behavior\ShowPageTraceBehavior [ RunTime:0.000417s ]
INFO: [ app_end ] --END-- [ RunTime:0.000454s ]

[ 2016-08-01T10:54:51+08:00 ] ::1 /byblog/
INFO: [ app_init ] --START--
INFO: Run Behavior\BuildLiteBehavior [ RunTime:0.000013s ]
INFO: [ app_init ] --END-- [ RunTime:0.000301s ]
INFO: [ app_begin ] --START--
INFO: Run Behavior\ReadHtmlCacheBehavior [ RunTime:0.000361s ]
INFO: [ app_begin ] --END-- [ RunTime:0.000410s ]
SQL: SHOW COLUMNS FROM `by_article` [ RunTime:0.0098s ]
SQL: SELECT COUNT(*) AS tp_count FROM `by_article` LIMIT 1   [ RunTime:0.0002s ]
SQL: SELECT `a_id`,`a_title`,`a_remark`,`a_time`,`a_keyword`,`a_hit` FROM `by_article` ORDER BY a_time desc LIMIT 0,15   [ RunTime:0.0003s ]
SQL: SELECT DATE_FORMAT(FROM_UNIXTIME(a_time),'%Y%m') a_time, 
                COUNT(1) a_sum
                FROM `by_article`
                GROUP BY DATE_FORMAT(FROM_UNIXTIME(a_time),'%Y%m') desc [ RunTime:0.0004s ]
INFO: [ view_parse ] --START--
INFO: [ template_filter ] --START--
INFO: Run Behavior\ContentReplaceBehavior [ RunTime:0.000058s ]
INFO: [ template_filter ] --END-- [ RunTime:0.000109s ]
INFO: Run Behavior\ParseTemplateBehavior [ RunTime:0.006922s ]
INFO: [ view_parse ] --END-- [ RunTime:0.006989s ]
INFO: [ view_filter ] --START--
INFO: Run Behavior\WriteHtmlCacheBehavior [ RunTime:0.000237s ]
INFO: [ view_filter ] --END-- [ RunTime:0.000282s ]
INFO: [ app_end ] --START--
INFO: Run Behavior\ShowPageTraceBehavior [ RunTime:0.000450s ]
INFO: [ app_end ] --END-- [ RunTime:0.000496s ]

[ 2016-08-01T10:55:10+08:00 ] ::1 /byblog/
INFO: [ app_init ] --START--
INFO: Run Behavior\BuildLiteBehavior [ RunTime:0.000012s ]
INFO: [ app_init ] --END-- [ RunTime:0.000283s ]
INFO: [ app_begin ] --START--
INFO: Run Behavior\ReadHtmlCacheBehavior [ RunTime:0.000333s ]
INFO: [ app_begin ] --END-- [ RunTime:0.000377s ]
SQL: SHOW COLUMNS FROM `by_article` [ RunTime:0.0096s ]
SQL: SELECT COUNT(*) AS tp_count FROM `by_article` LIMIT 1   [ RunTime:0.0002s ]
SQL: SELECT `a_id`,`a_title`,`a_remark`,`a_time`,`a_keyword`,`a_hit` FROM `by_article` ORDER BY a_time desc LIMIT 0,15   [ RunTime:0.0004s ]
SQL: SELECT DATE_FORMAT(FROM_UNIXTIME(a_time),'%Y%m') a_time, 
                COUNT(1) a_sum
                FROM `by_article`
                GROUP BY DATE_FORMAT(FROM_UNIXTIME(a_time),'%Y%m') desc [ RunTime:0.0004s ]
INFO: [ view_parse ] --START--
INFO: [ template_filter ] --START--
INFO: Run Behavior\ContentReplaceBehavior [ RunTime:0.000057s ]
INFO: [ template_filter ] --END-- [ RunTime:0.000105s ]
INFO: Run Behavior\ParseTemplateBehavior [ RunTime:0.006877s ]
INFO: [ view_parse ] --END-- [ RunTime:0.006941s ]
INFO: [ view_filter ] --START--
INFO: Run Behavior\WriteHtmlCacheBehavior [ RunTime:0.000283s ]
INFO: [ view_filter ] --END-- [ RunTime:0.000328s ]
INFO: [ app_end ] --START--
INFO: Run Behavior\ShowPageTraceBehavior [ RunTime:0.000390s ]
INFO: [ app_end ] --END-- [ RunTime:0.000427s ]

[ 2016-08-01T10:57:25+08:00 ] ::1 /byblog/
INFO: [ app_init ] --START--
INFO: Run Behavior\BuildLiteBehavior [ RunTime:0.000014s ]
INFO: [ app_init ] --END-- [ RunTime:0.000372s ]
INFO: [ app_begin ] --START--
INFO: Run Behavior\ReadHtmlCacheBehavior [ RunTime:0.000403s ]
INFO: [ app_begin ] --END-- [ RunTime:0.000451s ]
SQL: SHOW COLUMNS FROM `by_article` [ RunTime:0.0093s ]
SQL: SELECT COUNT(*) AS tp_count FROM `by_article` LIMIT 1   [ RunTime:0.0002s ]
SQL: SELECT `a_id`,`a_title`,`a_remark`,`a_time`,`a_keyword`,`a_hit` FROM `by_article` ORDER BY a_time desc LIMIT 0,15   [ RunTime:0.0004s ]
SQL: SELECT DATE_FORMAT(FROM_UNIXTIME(a_time),'%Y%m') a_time, 
                COUNT(1) a_sum
                FROM `by_article`
                GROUP BY DATE_FORMAT(FROM_UNIXTIME(a_time),'%Y%m') desc [ RunTime:0.0004s ]
INFO: [ view_parse ] --START--
INFO: [ template_filter ] --START--
INFO: Run Behavior\ContentReplaceBehavior [ RunTime:0.000064s ]
INFO: [ template_filter ] --END-- [ RunTime:0.000116s ]
INFO: Run Behavior\ParseTemplateBehavior [ RunTime:0.014359s ]
INFO: [ view_parse ] --END-- [ RunTime:0.014414s ]
INFO: [ view_filter ] --START--
INFO: Run Behavior\WriteHtmlCacheBehavior [ RunTime:0.000305s ]
INFO: [ view_filter ] --END-- [ RunTime:0.000342s ]
INFO: [ app_end ] --START--
INFO: Run Behavior\ShowPageTraceBehavior [ RunTime:0.000428s ]
INFO: [ app_end ] --END-- [ RunTime:0.000466s ]

[ 2016-08-01T10:57:46+08:00 ] ::1 /byblog/
INFO: [ app_init ] --START--
INFO: Run Behavior\BuildLiteBehavior [ RunTime:0.000012s ]
INFO: [ app_init ] --END-- [ RunTime:0.000278s ]
INFO: [ app_begin ] --START--
INFO: Run Behavior\ReadHtmlCacheBehavior [ RunTime:0.000334s ]
INFO: [ app_begin ] --END-- [ RunTime:0.000379s ]
SQL: SHOW COLUMNS FROM `by_article` [ RunTime:0.0098s ]
SQL: SELECT COUNT(*) AS tp_count FROM `by_article` LIMIT 1   [ RunTime:0.0002s ]
SQL: SELECT `a_id`,`a_title`,`a_remark`,`a_time`,`a_keyword`,`a_hit` FROM `by_article` ORDER BY a_time desc LIMIT 0,15   [ RunTime:0.0003s ]
SQL: SELECT DATE_FORMAT(FROM_UNIXTIME(a_time),'%Y%m') a_time, 
                COUNT(1) a_sum
                FROM `by_article`
                GROUP BY DATE_FORMAT(FROM_UNIXTIME(a_time),'%Y%m') desc [ RunTime:0.0004s ]
INFO: [ view_parse ] --START--
INFO: [ template_filter ] --START--
INFO: Run Behavior\ContentReplaceBehavior [ RunTime:0.000055s ]
INFO: [ template_filter ] --END-- [ RunTime:0.000097s ]
INFO: Run Behavior\ParseTemplateBehavior [ RunTime:0.006653s ]
INFO: [ view_parse ] --END-- [ RunTime:0.006705s ]
INFO: [ view_filter ] --START--
INFO: Run Behavior\WriteHtmlCacheBehavior [ RunTime:0.000223s ]
INFO: [ view_filter ] --END-- [ RunTime:0.000258s ]
INFO: [ app_end ] --START--
INFO: Run Behavior\ShowPageTraceBehavior [ RunTime:0.000342s ]
INFO: [ app_end ] --END-- [ RunTime:0.000379s ]

[ 2016-08-01T16:58:34+08:00 ] ::1 /byblog/
INFO: [ app_init ] --START--
INFO: Run Behavior\BuildLiteBehavior [ RunTime:0.000013s ]
INFO: [ app_init ] --END-- [ RunTime:0.000384s ]
INFO: [ app_begin ] --START--
INFO: Run Behavior\ReadHtmlCacheBehavior [ RunTime:0.000420s ]
INFO: [ app_begin ] --END-- [ RunTime:0.000467s ]
SQL: SHOW COLUMNS FROM `by_article` [ RunTime:0.0112s ]
SQL: SELECT COUNT(*) AS tp_count FROM `by_article` LIMIT 1   [ RunTime:0.0002s ]
SQL: SELECT `a_id`,`a_title`,`a_remark`,`a_time`,`a_keyword`,`a_hit` FROM `by_article` ORDER BY a_time desc LIMIT 0,15   [ RunTime:0.0077s ]
SQL: SELECT DATE_FORMAT(FROM_UNIXTIME(a_time),'%Y%m') a_time, 
                COUNT(1) a_sum
                FROM `by_article`
                GROUP BY DATE_FORMAT(FROM_UNIXTIME(a_time),'%Y%m') desc [ RunTime:0.0007s ]
INFO: [ view_parse ] --START--
INFO: [ template_filter ] --START--
INFO: Run Behavior\ContentReplaceBehavior [ RunTime:0.000062s ]
INFO: [ template_filter ] --END-- [ RunTime:0.000113s ]
INFO: Run Behavior\ParseTemplateBehavior [ RunTime:0.015580s ]
INFO: [ view_parse ] --END-- [ RunTime:0.015638s ]
INFO: [ view_filter ] --START--
INFO: Run Behavior\WriteHtmlCacheBehavior [ RunTime:0.000308s ]
INFO: [ view_filter ] --END-- [ RunTime:0.000344s ]
INFO: [ app_end ] --START--
INFO: Run Behavior\ShowPageTraceBehavior [ RunTime:0.000549s ]
INFO: [ app_end ] --END-- [ RunTime:0.000588s ]

[ 2016-08-01T16:58:40+08:00 ] ::1 /byblog/
INFO: [ app_init ] --START--
INFO: Run Behavior\BuildLiteBehavior [ RunTime:0.000016s ]
INFO: [ app_init ] --END-- [ RunTime:0.000388s ]
INFO: [ app_begin ] --START--
INFO: Run Behavior\ReadHtmlCacheBehavior [ RunTime:0.000447s ]
INFO: [ app_begin ] --END-- [ RunTime:0.000506s ]
SQL: SHOW COLUMNS FROM `by_article` [ RunTime:0.0035s ]
SQL: SELECT COUNT(*) AS tp_count FROM `by_article` LIMIT 1   [ RunTime:0.0001s ]
SQL: SELECT `a_id`,`a_title`,`a_remark`,`a_time`,`a_keyword`,`a_hit` FROM `by_article` ORDER BY a_time desc LIMIT 0,15   [ RunTime:0.0003s ]
SQL: SELECT DATE_FORMAT(FROM_UNIXTIME(a_time),'%Y%m') a_time, 
                COUNT(1) a_sum
                FROM `by_article`
                GROUP BY DATE_FORMAT(FROM_UNIXTIME(a_time),'%Y%m') desc [ RunTime:0.0004s ]
INFO: [ view_parse ] --START--
INFO: [ template_filter ] --START--
INFO: Run Behavior\ContentReplaceBehavior [ RunTime:0.000055s ]
INFO: [ template_filter ] --END-- [ RunTime:0.000099s ]
INFO: Run Behavior\ParseTemplateBehavior [ RunTime:0.006624s ]
INFO: [ view_parse ] --END-- [ RunTime:0.006679s ]
INFO: [ view_filter ] --START--
INFO: Run Behavior\WriteHtmlCacheBehavior [ RunTime:0.000214s ]
INFO: [ view_filter ] --END-- [ RunTime:0.000249s ]
INFO: [ app_end ] --START--
INFO: Run Behavior\ShowPageTraceBehavior [ RunTime:0.000401s ]
INFO: [ app_end ] --END-- [ RunTime:0.000446s ]

[ 2016-08-01T16:58:57+08:00 ] ::1 /byblog/index.php/Home/Newbee/listNewbee.html
INFO: [ app_init ] --START--
INFO: Run Behavior\BuildLiteBehavior [ RunTime:0.000015s ]
INFO: [ app_init ] --END-- [ RunTime:0.000366s ]
INFO: [ app_begin ] --START--
INFO: Run Behavior\ReadHtmlCacheBehavior [ RunTime:0.000438s ]
INFO: [ app_begin ] --END-- [ RunTime:0.000494s ]
SQL: SHOW COLUMNS FROM `by_newbee` [ RunTime:0.0566s ]
SQL: SELECT COUNT(*) AS tp_count FROM `by_newbee` LIMIT 1   [ RunTime:0.0002s ]
SQL: SELECT `n_id`,`n_url`,`n_name`,`n_remark`,`n_time` FROM `by_newbee` ORDER BY n_id desc LIMIT 0,50   [ RunTime:0.0121s ]
INFO: [ view_parse ] --START--
INFO: [ template_filter ] --START--
INFO: Run Behavior\ContentReplaceBehavior [ RunTime:0.000057s ]
INFO: [ template_filter ] --END-- [ RunTime:0.000115s ]
INFO: Run Behavior\ParseTemplateBehavior [ RunTime:0.056762s ]
INFO: [ view_parse ] --END-- [ RunTime:0.056838s ]
INFO: [ view_filter ] --START--
INFO: Run Behavior\WriteHtmlCacheBehavior [ RunTime:0.000239s ]
INFO: [ view_filter ] --END-- [ RunTime:0.000276s ]
INFO: [ app_end ] --START--
INFO: Run Behavior\ShowPageTraceBehavior [ RunTime:0.000517s ]
INFO: [ app_end ] --END-- [ RunTime:0.000565s ]

